Replace Part C? Cap in D:\学习\科研助理\傲拓迈六轮车开发\底层驱动板\Driver.SchDoc with Cap from Driver.SchLib
Replace Part C? Cap in D:\学习\科研助理\傲拓迈六轮车开发\底层驱动板\Driver.SchDoc with Cap from Driver.SchLib
Replace Part C? Cap in D:\学习\科研助理\傲拓迈六轮车开发\底层驱动板\Driver.SchDoc with Cap from Driver.SchLib
Replace Part C? Cap in D:\学习\科研助理\傲拓迈六轮车开发\底层驱动板\Driver.SchDoc with Cap from Driver.SchLib
Replace Part C? Cap in D:\学习\科研助理\傲拓迈六轮车开发\底层驱动板\Driver.SchDoc with Cap from Driver.SchLib
Replace Part C? Cap in D:\学习\科研助理\傲拓迈六轮车开发\底层驱动板\Driver.SchDoc with Cap from Driver.SchLib
Replace Part C? Cap in D:\学习\科研助理\傲拓迈六轮车开发\底层驱动板\Driver.SchDoc with Cap from Driver.SchLib
Replace Part C? Cap in D:\学习\科研助理\傲拓迈六轮车开发\底层驱动板\Driver.SchDoc with Cap from Driver.SchLib
Replace Part C? Cap in D:\学习\科研助理\傲拓迈六轮车开发\底层驱动板\Driver.SchDoc with Cap from Driver.SchLib
Replace Part C? Cap in D:\学习\科研助理\傲拓迈六轮车开发\底层驱动板\Driver.SchDoc with Cap from Driver.SchLib
Replace Part C? Cap in D:\学习\科研助理\傲拓迈六轮车开发\底层驱动板\Driver.SchDoc with Cap from Driver.SchLib
Replace Part C? Cap in D:\学习\科研助理\傲拓迈六轮车开发\底层驱动板\Driver.SchDoc with Cap from Driver.SchLib
Replace Part C? Cap in D:\学习\科研助理\傲拓迈六轮车开发\底层驱动板\Driver.SchDoc with Cap from Driver.SchLib
Replace Part C? Cap in D:\学习\科研助理\傲拓迈六轮车开发\底层驱动板\Driver.SchDoc with Cap from Driver.SchLib
Replace Part C? Cap in D:\学习\科研助理\傲拓迈六轮车开发\底层驱动板\Driver.SchDoc with Cap from Driver.SchLib
Replace Part C? Cap in D:\学习\科研助理\傲拓迈六轮车开发\底层驱动板\Driver.SchDoc with Cap from Driver.SchLib
Replace Part C? Cap in D:\学习\科研助理\傲拓迈六轮车开发\底层驱动板\Driver.SchDoc with Cap from Driver.SchLib
Replace Part C? Cap in D:\学习\科研助理\傲拓迈六轮车开发\底层驱动板\Driver.SchDoc with Cap from Driver.SchLib
Replace Part C? Cap in D:\学习\科研助理\傲拓迈六轮车开发\底层驱动板\Driver.SchDoc with Cap from Driver.SchLib
Replace Part C? Cap in D:\学习\科研助理\傲拓迈六轮车开发\底层驱动板\Driver.SchDoc with Cap from Driver.SchLib
Replace Part C? Cap in D:\学习\科研助理\傲拓迈六轮车开发\底层驱动板\Driver.SchDoc with Cap from Driver.SchLib
Replace Part C? Cap in D:\学习\科研助理\傲拓迈六轮车开发\底层驱动板\Driver.SchDoc with Cap from Driver.SchLib
Replace Part C? Cap in D:\学习\科研助理\傲拓迈六轮车开发\底层驱动板\Driver.SchDoc with Cap from Driver.SchLib
Replace Part C? Cap in D:\学习\科研助理\傲拓迈六轮车开发\底层驱动板\Driver.SchDoc with Cap from Driver.SchLib
Replace Part C? Cap in D:\学习\科研助理\傲拓迈六轮车开发\底层驱动板\Driver.SchDoc with Cap from Driver.SchLib
Replace Part C? Cap in D:\学习\科研助理\傲拓迈六轮车开发\底层驱动板\Driver.SchDoc with Cap from Driver.SchLib
Replace Part C? Cap in D:\学习\科研助理\傲拓迈六轮车开发\底层驱动板\Driver.SchDoc with Cap from Driver.SchLib
Replace Part C? Cap in D:\学习\科研助理\傲拓迈六轮车开发\底层驱动板\Driver.SchDoc with Cap from Driver.SchLib
Replace Part C? Cap in D:\学习\科研助理\傲拓迈六轮车开发\底层驱动板\Driver.SchDoc with Cap from Driver.SchLib
Replace Part C? Cap in D:\学习\科研助理\傲拓迈六轮车开发\底层驱动板\Driver.SchDoc with Cap from Driver.SchLib
Replace Part C? Cap in D:\学习\科研助理\傲拓迈六轮车开发\底层驱动板\Driver.SchDoc with Cap from Driver.SchLib
Replace Part C? Cap in D:\学习\科研助理\傲拓迈六轮车开发\底层驱动板\Driver.SchDoc with Cap from Driver.SchLib
Replace Part C? Cap in D:\学习\科研助理\傲拓迈六轮车开发\底层驱动板\Driver.SchDoc with Cap from Driver.SchLib
Replace Part C? Cap in D:\学习\科研助理\傲拓迈六轮车开发\底层驱动板\Driver.SchDoc with Cap from Driver.SchLib
Replace Part C? Cap in D:\学习\科研助理\傲拓迈六轮车开发\底层驱动板\Driver.SchDoc with Cap from Driver.SchLib
Replace Part D? LED_0603 in D:\学习\科研助理\傲拓迈六轮车开发\底层驱动板\Driver.SchDoc with LED_0603 from Driver.SchLib
Replace Part D? LED_0603 in D:\学习\科研助理\傲拓迈六轮车开发\底层驱动板\Driver.SchDoc with LED_0603 from Driver.SchLib
Replace Part D? D-SS12 in D:\学习\科研助理\傲拓迈六轮车开发\底层驱动板\Driver.SchDoc with D-SS12 from Driver.SchLib
Replace Part D? D-SS12 in D:\学习\科研助理\傲拓迈六轮车开发\底层驱动板\Driver.SchDoc with D-SS12 from Driver.SchLib
Replace Part D? D-SS12 in D:\学习\科研助理\傲拓迈六轮车开发\底层驱动板\Driver.SchDoc with D-SS12 from Driver.SchLib
Replace Part D? D-SS12 in D:\学习\科研助理\傲拓迈六轮车开发\底层驱动板\Driver.SchDoc with D-SS12 from Driver.SchLib
Replace Part L? Inductor in D:\学习\科研助理\傲拓迈六轮车开发\底层驱动板\Driver.SchDoc with Inductor from Driver.SchLib
Replace Part P? Header 3X2 in D:\学习\科研助理\傲拓迈六轮车开发\底层驱动板\Driver.SchDoc with Header 3X2 from Miscellaneous Connectors.IntLib
Replace Part P? Header 4 in D:\学习\科研助理\傲拓迈六轮车开发\底层驱动板\Driver.SchDoc with Header 4 from Miscellaneous Connectors.IntLib
Replace Part P? Header 4 in D:\学习\科研助理\傲拓迈六轮车开发\底层驱动板\Driver.SchDoc with Header 4 from Miscellaneous Connectors.IntLib
Replace Part P? Header 2 in D:\学习\科研助理\傲拓迈六轮车开发\底层驱动板\Driver.SchDoc with Header 2 from Miscellaneous Connectors.IntLib
Replace Part P? Header 2 in D:\学习\科研助理\傲拓迈六轮车开发\底层驱动板\Driver.SchDoc with Header 2 from Miscellaneous Connectors.IntLib
Replace Part P? Header 2 in D:\学习\科研助理\傲拓迈六轮车开发\底层驱动板\Driver.SchDoc with Header 2 from Miscellaneous Connectors.IntLib
Replace Part P? Header 3 in D:\学习\科研助理\傲拓迈六轮车开发\底层驱动板\Driver.SchDoc with Header 3 from Miscellaneous Connectors.IntLib
Replace Part P? Header 2 in D:\学习\科研助理\傲拓迈六轮车开发\底层驱动板\Driver.SchDoc with Header 2 from Miscellaneous Connectors.IntLib
Replace Part P? Header 2 in D:\学习\科研助理\傲拓迈六轮车开发\底层驱动板\Driver.SchDoc with Header 2 from Miscellaneous Connectors.IntLib
Replace Part P? Header 5 in D:\学习\科研助理\傲拓迈六轮车开发\底层驱动板\Driver.SchDoc with Header 5 from Miscellaneous Connectors.IntLib
Replace Part R? Res1 in D:\学习\科研助理\傲拓迈六轮车开发\底层驱动板\Driver.SchDoc with Res1 from Driver.SchLib
Replace Part R? Res1 in D:\学习\科研助理\傲拓迈六轮车开发\底层驱动板\Driver.SchDoc with Res1 from Driver.SchLib
Replace Part R? Res1 in D:\学习\科研助理\傲拓迈六轮车开发\底层驱动板\Driver.SchDoc with Res1 from Driver.SchLib
Replace Part R? Res1 in D:\学习\科研助理\傲拓迈六轮车开发\底层驱动板\Driver.SchDoc with Res1 from Driver.SchLib
Replace Part R? Res1 in D:\学习\科研助理\傲拓迈六轮车开发\底层驱动板\Driver.SchDoc with Res1 from Driver.SchLib
Replace Part R? Res1 in D:\学习\科研助理\傲拓迈六轮车开发\底层驱动板\Driver.SchDoc with Res1 from Driver.SchLib
Replace Part R? Res1 in D:\学习\科研助理\傲拓迈六轮车开发\底层驱动板\Driver.SchDoc with Res1 from Driver.SchLib
Replace Part R? Res1 in D:\学习\科研助理\傲拓迈六轮车开发\底层驱动板\Driver.SchDoc with Res1 from Driver.SchLib
Replace Part R? Res1 in D:\学习\科研助理\傲拓迈六轮车开发\底层驱动板\Driver.SchDoc with Res1 from Driver.SchLib
Replace Part R? Res1 in D:\学习\科研助理\傲拓迈六轮车开发\底层驱动板\Driver.SchDoc with Res1 from Driver.SchLib
Replace Part R? Res1 in D:\学习\科研助理\傲拓迈六轮车开发\底层驱动板\Driver.SchDoc with Res1 from Driver.SchLib
Replace Part R? Res1 in D:\学习\科研助理\傲拓迈六轮车开发\底层驱动板\Driver.SchDoc with Res1 from Driver.SchLib
Replace Part R? Res1 in D:\学习\科研助理\傲拓迈六轮车开发\底层驱动板\Driver.SchDoc with Res1 from Driver.SchLib
Replace Part R? Res1 in D:\学习\科研助理\傲拓迈六轮车开发\底层驱动板\Driver.SchDoc with Res1 from Driver.SchLib
Replace Part R? Res1 in D:\学习\科研助理\傲拓迈六轮车开发\底层驱动板\Driver.SchDoc with Res1 from Driver.SchLib
Replace Part R? Res1 in D:\学习\科研助理\傲拓迈六轮车开发\底层驱动板\Driver.SchDoc with Res1 from Driver.SchLib
Replace Part R? Res1 in D:\学习\科研助理\傲拓迈六轮车开发\底层驱动板\Driver.SchDoc with Res1 from Driver.SchLib
Replace Part S? SW_PB in D:\学习\科研助理\傲拓迈六轮车开发\底层驱动板\Driver.SchDoc with SW_PB from Driver.SchLib
Replace Part U? 74HC244 in D:\学习\科研助理\傲拓迈六轮车开发\底层驱动板\Driver.SchDoc with 74HC244 from Driver.SchLib
Replace Part U? IR2104S in D:\学习\科研助理\傲拓迈六轮车开发\底层驱动板\Driver.SchDoc with IR2104S from Driver.SchLib
Replace Part U? IR2104S in D:\学习\科研助理\傲拓迈六轮车开发\底层驱动板\Driver.SchDoc with IR2104S from Driver.SchLib
Replace Part U? IR2104S in D:\学习\科研助理\傲拓迈六轮车开发\底层驱动板\Driver.SchDoc with IR2104S from Driver.SchLib
Replace Part U? IR2104S in D:\学习\科研助理\傲拓迈六轮车开发\底层驱动板\Driver.SchDoc with IR2104S from Driver.SchLib
Replace Part U? stm32f103c8t6 in D:\学习\科研助理\傲拓迈六轮车开发\底层驱动板\Driver.SchDoc with stm32f103c8t6 from Driver.SchLib
Replace Part U? AS1117-3.3 in D:\学习\科研助理\傲拓迈六轮车开发\底层驱动板\Driver.SchDoc with AS1117-3.3 from Driver.SchLib
Replace Part X? SMD3225 in D:\学习\科研助理\傲拓迈六轮车开发\底层驱动板\Driver.SchDoc with SMD3225 from Driver.SchLib
